!SESSION 2013-03-22 12:24:54.240 -----------------------------------------------
eclipse.buildId=unknown
java.version=1.6.0_27
java.vendor=Sun Microsystems Inc.
BootLoader constants: OS=linux, ARCH=x86, WS=gtk, NL=en_US
Command-line arguments:  -dev file:/home/smithie/Programming/C-turtle/TP/Java/.metadata/.plugins/org.eclipse.pde.core/New_configuration/dev.properties -os linux -ws gtk -arch x86 -consoleLog -console

!ENTRY elsys.osgi.bundle 4 0 2013-03-22 12:24:54.805
!MESSAGE FrameworkEvent ERROR
!STACK 0
org.osgi.framework.BundleException: The bundle "elsys.osgi.bundle_1.0.0.qualifier [1]" could not be resolved. Reason: Missing Constraint: Require-Bundle: org.eclipse.ui; bundle-version="0.0.0"
	at org.eclipse.osgi.framework.internal.core.AbstractBundle.getResolverError(AbstractBundle.java:1327)
	at org.eclipse.osgi.framework.internal.core.AbstractBundle.getResolutionFailureException(AbstractBundle.java:1311)
	at org.eclipse.osgi.framework.internal.core.BundleHost.startWorker(BundleHost.java:323)
	at org.eclipse.osgi.framework.internal.core.AbstractBundle.resume(AbstractBundle.java:389)
	at org.eclipse.osgi.framework.internal.core.Framework.resumeBundle(Framework.java:1131)
	at org.eclipse.osgi.framework.internal.core.StartLevelManager.resumeBundles(StartLevelManager.java:559)
	at org.eclipse.osgi.framework.internal.core.StartLevelManager.resumeBundles(StartLevelManager.java:544)
	at org.eclipse.osgi.framework.internal.core.StartLevelManager.incFWSL(StartLevelManager.java:457)
	at org.eclipse.osgi.framework.internal.core.StartLevelManager.doSetStartLevel(StartLevelManager.java:243)
	at org.eclipse.osgi.framework.internal.core.StartLevelManager.dispatchEvent(StartLevelManager.java:438)
	at org.eclipse.osgi.framework.internal.core.StartLevelManager.dispatchEvent(StartLevelManager.java:1)
	at org.eclipse.osgi.framework.eventmgr.EventManager.dispatchEvent(EventManager.java:230)
	at org.eclipse.osgi.framework.eventmgr.EventManager$EventThread.run(EventManager.java:340)

!ENTRY org.eclipse.osgi 4 0 2013-03-22 12:24:54.809
!MESSAGE Bundle initial@reference:file:../../home/smithie/Programming/C-turtle/TP/Java/elsys.osgi.bundle/ was not resolved.

!ENTRY org.eclipse.osgi 2 0 2013-03-22 12:24:54.814
!MESSAGE One or more bundles are not resolved because the following root constraints are not resolved:
!SUBENTRY 1 org.eclipse.osgi 2 0 2013-03-22 12:24:54.815
!MESSAGE Bundle initial@reference:file:../../home/smithie/Programming/C-turtle/TP/Java/elsys.osgi.bundle/ was not resolved.
!SUBENTRY 2 elsys.osgi.bundle 2 0 2013-03-22 12:24:54.816
!MESSAGE Missing required bundle org.eclipse.core.runtime_0.0.0.
!SUBENTRY 2 elsys.osgi.bundle 2 0 2013-03-22 12:24:54.816
!MESSAGE Missing required bundle org.eclipse.ui_0.0.0.

!ENTRY org.eclipse.osgi 2 0 2013-03-22 12:24:54.817
!MESSAGE The following is a complete list of bundles which are not resolved, see the prior log entry for the root cause if it exists:
!SUBENTRY 1 org.eclipse.osgi 2 0 2013-03-22 12:24:54.818
!MESSAGE Bundle elsys.osgi.bundle_1.0.0.qualifier [1] was not resolved.
!SUBENTRY 2 elsys.osgi.bundle 2 0 2013-03-22 12:24:54.818
!MESSAGE Missing required bundle org.eclipse.ui_0.0.0.
!SUBENTRY 2 elsys.osgi.bundle 2 0 2013-03-22 12:24:54.819
!MESSAGE Missing required bundle org.eclipse.core.runtime_0.0.0.
